<?xml version="1.0" encoding="UTF-8"?>
<testsuites name="TS-Posts" time="30.474" tests="3" failures="0" errors="0">
   <testsuite name="TS-Posts" tests="3" failures="0" errors="0" time="30.474" skipped="0" timestamp="13-06-2024T02:23:28" hostname="nasmahna - 192.168.1.4" id="Test Suites/REST API/TS-Posts">
      <properties>
         <property name="deviceName" value=""/>
         <property name="devicePlatform"/>
         <property name="logFolder" value="/Users/nasmahna/Documents/Katalon-GITS/katalon-API/Reports/20240613_022300/REST API/TS-Posts/20240613_022300"/>
         <property name="logFiles" value="/Users/nasmahna/Documents/Katalon-GITS/katalon-API/Reports/20240613_022300/REST API/TS-Posts/20240613_022300/execution0.log"/>
         <property name="attachments" value=""/>
         <property name="hostName" value="nasmahna - 192.168.1.4"/>
         <property name="hostAddress" value="192.168.1.4"/>
         <property name="os" value="Mac OS X 64bit"/>
         <property name="katalonVersion" value="9.5.0.217"/>
      </properties>
      <testcase name="Test Cases/REST API/Posts/TC GET Posts" time="24.521" classname="Test Cases/REST API/Posts/TC GET Posts" status="PASSED">
         <system-out><![CDATA[13-06-2024T02:23:29 - [TEST_CASE][PASSED] - Test Cases/REST API/Posts/TC GET Posts: Test Cases/REST API/Posts/TC GET Posts

13-06-2024T02:23:33 - [TEST_STEP][PASSED] - sendRequest(findTestObject("Object Repository/REST API/Posts/GET Posts")): Send request successfully

13-06-2024T02:23:45 - [MESSAGE][INFO] - HAR: /Users/nasmahna/Documents/Katalon-GITS/katalon-API/Reports/20240613_022300/REST API/TS-Posts/20240613_022300/requests/main/0.har

13-06-2024T02:23:45 - [MESSAGE][PASSED] - Send request successfully

13-06-2024T02:23:45 - [TEST_STEP][PASSED] - data = findTestData("Data Files/REST API/Data Posts API"): null

13-06-2024T02:23:49 - [TEST_STEP][PASSED] - maxRows = Math.min(10, data.getRowNumbers()): null

13-06-2024T02:23:49 - [TEST_STEP][PASSED] - for ([loopFile = 1, loopFile <= maxRows, (loopFile++)]): null

13-06-2024T02:23:49 - [TEST_STEP][PASSED] - userId = data.getValue("userId", loopFile): null

13-06-2024T02:23:50 - [TEST_STEP][PASSED] - id = data.getValue("id", loopFile): null

13-06-2024T02:23:50 - [TEST_STEP][PASSED] - title = data.getValue("title", loopFile): null

13-06-2024T02:23:50 - [TEST_STEP][PASSED] - body = data.getValue("body", loopFile): null

13-06-2024T02:23:50 - [TEST_STEP][PASSED] - println(Processing row: $loopFile): null

13-06-2024T02:23:50 - [TEST_STEP][PASSED] - println(userId: $userId, id: $id, title: $title, body: $body): null

13-06-2024T02:23:50 - [TEST_STEP][PASSED] - response = sendRequest(findTestObject("Object Repository/REST API/Posts/GET Posts")): Send request successfully

13-06-2024T02:23:50 - [MESSAGE][INFO] - HAR: /Users/nasmahna/Documents/Katalon-GITS/katalon-API/Reports/20240613_022300/REST API/TS-Posts/20240613_022300/requests/main/1.har

13-06-2024T02:23:50 - [MESSAGE][PASSED] - Send request successfully

13-06-2024T02:23:50 - [TEST_STEP][PASSED] - responseBody = response.getResponseBodyContent(): null

13-06-2024T02:23:50 - [TEST_STEP][PASSED] - println(Response: $responseBody): null

13-06-2024T02:23:50 - [TEST_STEP][PASSED] - jsonResponse = JsonSlurper().parseText(responseBody): null

13-06-2024T02:23:50 - [TEST_STEP][PASSED] - verifyResponseStatusCode(response, 200): Verify response status code successfully

13-06-2024T02:23:50 - [MESSAGE][PASSED] - Verify response status code successfully

13-06-2024T02:23:50 - [TEST_STEP][PASSED] - if (jsonResponse.size() > 0): null

13-06-2024T02:23:51 - [TEST_STEP][PASSED] - actualUserId = userId.toString(): null

13-06-2024T02:23:51 - [TEST_STEP][PASSED] - actualId = id.toString(): null

13-06-2024T02:23:51 - [TEST_STEP][PASSED] - actualTitle = title: null

13-06-2024T02:23:51 - [TEST_STEP][PASSED] - actualBody = body: null

13-06-2024T02:23:51 - [TEST_STEP][PASSED] - expectedBody = body.replaceAll("\\n", "
"): null

13-06-2024T02:23:51 - [TEST_STEP][PASSED] - println(Expected: userId: $userId, id: $id, title: $title, body: $expectedBody): null

13-06-2024T02:23:51 - [TEST_STEP][PASSED] - println(Actual: userId: $actualUserId, id: $actualId, title: $actualTitle, body: $actualBody): null

13-06-2024T02:23:51 - [TEST_STEP][PASSED] - assert actualUserId == userId: null

13-06-2024T02:23:51 - [TEST_STEP][PASSED] - assert actualId == id: null

13-06-2024T02:23:51 - [TEST_STEP][PASSED] - assert actualTitle == title: null

13-06-2024T02:23:51 - [TEST_STEP][PASSED] - assert actualBody == expectedBody: null

13-06-2024T02:23:51 - [TEST_STEP][PASSED] - userId = data.getValue("userId", loopFile): null

13-06-2024T02:23:51 - [TEST_STEP][PASSED] - id = data.getValue("id", loopFile): null

13-06-2024T02:23:51 - [TEST_STEP][PASSED] - title = data.getValue("title", loopFile): null

13-06-2024T02:23:51 - [TEST_STEP][PASSED] - body = data.getValue("body", loopFile): null

13-06-2024T02:23:51 - [TEST_STEP][PASSED] - println(Processing row: $loopFile): null

13-06-2024T02:23:51 - [TEST_STEP][PASSED] - println(userId: $userId, id: $id, title: $title, body: $body): null

13-06-2024T02:23:51 - [TEST_STEP][PASSED] - response = sendRequest(findTestObject("Object Repository/REST API/Posts/GET Posts")): Send request successfully

13-06-2024T02:23:51 - [MESSAGE][INFO] - HAR: /Users/nasmahna/Documents/Katalon-GITS/katalon-API/Reports/20240613_022300/REST API/TS-Posts/20240613_022300/requests/main/2.har

13-06-2024T02:23:51 - [MESSAGE][PASSED] - Send request successfully

13-06-2024T02:23:51 - [TEST_STEP][PASSED] - responseBody = response.getResponseBodyContent(): null

13-06-2024T02:23:51 - [TEST_STEP][PASSED] - println(Response: $responseBody): null

13-06-2024T02:23:51 - [TEST_STEP][PASSED] - jsonResponse = JsonSlurper().parseText(responseBody): null

13-06-2024T02:23:51 - [TEST_STEP][PASSED] - verifyResponseStatusCode(response, 200): Verify response status code successfully

13-06-2024T02:23:51 - [MESSAGE][PASSED] - Verify response status code successfully

13-06-2024T02:23:51 - [TEST_STEP][PASSED] - if (jsonResponse.size() > 0): null

13-06-2024T02:23:51 - [TEST_STEP][PASSED] - actualUserId = userId.toString(): null

13-06-2024T02:23:51 - [TEST_STEP][PASSED] - actualId = id.toString(): null

13-06-2024T02:23:51 - [TEST_STEP][PASSED] - actualTitle = title: null

13-06-2024T02:23:51 - [TEST_STEP][PASSED] - actualBody = body: null

13-06-2024T02:23:51 - [TEST_STEP][PASSED] - expectedBody = body.replaceAll("\\n", "
"): null

13-06-2024T02:23:51 - [TEST_STEP][PASSED] - println(Expected: userId: $userId, id: $id, title: $title, body: $expectedBody): null

13-06-2024T02:23:51 - [TEST_STEP][PASSED] - println(Actual: userId: $actualUserId, id: $actualId, title: $actualTitle, body: $actualBody): null

13-06-2024T02:23:51 - [TEST_STEP][PASSED] - assert actualUserId == userId: null

13-06-2024T02:23:51 - [TEST_STEP][PASSED] - assert actualId == id: null

13-06-2024T02:23:51 - [TEST_STEP][PASSED] - assert actualTitle == title: null

13-06-2024T02:23:51 - [TEST_STEP][PASSED] - assert actualBody == expectedBody: null

13-06-2024T02:23:51 - [TEST_STEP][PASSED] - userId = data.getValue("userId", loopFile): null

13-06-2024T02:23:51 - [TEST_STEP][PASSED] - id = data.getValue("id", loopFile): null

13-06-2024T02:23:51 - [TEST_STEP][PASSED] - title = data.getValue("title", loopFile): null

13-06-2024T02:23:51 - [TEST_STEP][PASSED] - body = data.getValue("body", loopFile): null

13-06-2024T02:23:51 - [TEST_STEP][PASSED] - println(Processing row: $loopFile): null

13-06-2024T02:23:51 - [TEST_STEP][PASSED] - println(userId: $userId, id: $id, title: $title, body: $body): null

13-06-2024T02:23:51 - [TEST_STEP][PASSED] - response = sendRequest(findTestObject("Object Repository/REST API/Posts/GET Posts")): Send request successfully

13-06-2024T02:23:52 - [MESSAGE][INFO] - HAR: /Users/nasmahna/Documents/Katalon-GITS/katalon-API/Reports/20240613_022300/REST API/TS-Posts/20240613_022300/requests/main/3.har

13-06-2024T02:23:52 - [MESSAGE][PASSED] - Send request successfully

13-06-2024T02:23:52 - [TEST_STEP][PASSED] - responseBody = response.getResponseBodyContent(): null

13-06-2024T02:23:52 - [TEST_STEP][PASSED] - println(Response: $responseBody): null

13-06-2024T02:23:52 - [TEST_STEP][PASSED] - jsonResponse = JsonSlurper().parseText(responseBody): null

13-06-2024T02:23:52 - [TEST_STEP][PASSED] - verifyResponseStatusCode(response, 200): Verify response status code successfully

13-06-2024T02:23:52 - [MESSAGE][PASSED] - Verify response status code successfully

13-06-2024T02:23:52 - [TEST_STEP][PASSED] - if (jsonResponse.size() > 0): null

13-06-2024T02:23:52 - [TEST_STEP][PASSED] - actualUserId = userId.toString(): null

13-06-2024T02:23:52 - [TEST_STEP][PASSED] - actualId = id.toString(): null

13-06-2024T02:23:52 - [TEST_STEP][PASSED] - actualTitle = title: null

13-06-2024T02:23:52 - [TEST_STEP][PASSED] - actualBody = body: null

13-06-2024T02:23:52 - [TEST_STEP][PASSED] - expectedBody = body.replaceAll("\\n", "
"): null

13-06-2024T02:23:52 - [TEST_STEP][PASSED] - println(Expected: userId: $userId, id: $id, title: $title, body: $expectedBody): null

13-06-2024T02:23:52 - [TEST_STEP][PASSED] - println(Actual: userId: $actualUserId, id: $actualId, title: $actualTitle, body: $actualBody): null

13-06-2024T02:23:52 - [TEST_STEP][PASSED] - assert actualUserId == userId: null

13-06-2024T02:23:52 - [TEST_STEP][PASSED] - assert actualId == id: null

13-06-2024T02:23:52 - [TEST_STEP][PASSED] - assert actualTitle == title: null

13-06-2024T02:23:52 - [TEST_STEP][PASSED] - assert actualBody == expectedBody: null

13-06-2024T02:23:52 - [TEST_STEP][PASSED] - userId = data.getValue("userId", loopFile): null

13-06-2024T02:23:52 - [TEST_STEP][PASSED] - id = data.getValue("id", loopFile): null

13-06-2024T02:23:52 - [TEST_STEP][PASSED] - title = data.getValue("title", loopFile): null

13-06-2024T02:23:52 - [TEST_STEP][PASSED] - body = data.getValue("body", loopFile): null

13-06-2024T02:23:52 - [TEST_STEP][PASSED] - println(Processing row: $loopFile): null

13-06-2024T02:23:52 - [TEST_STEP][PASSED] - println(userId: $userId, id: $id, title: $title, body: $body): null

13-06-2024T02:23:52 - [TEST_STEP][PASSED] - response = sendRequest(findTestObject("Object Repository/REST API/Posts/GET Posts")): Send request successfully

13-06-2024T02:23:52 - [MESSAGE][INFO] - HAR: /Users/nasmahna/Documents/Katalon-GITS/katalon-API/Reports/20240613_022300/REST API/TS-Posts/20240613_022300/requests/main/4.har

13-06-2024T02:23:52 - [MESSAGE][PASSED] - Send request successfully

13-06-2024T02:23:52 - [TEST_STEP][PASSED] - responseBody = response.getResponseBodyContent(): null

13-06-2024T02:23:52 - [TEST_STEP][PASSED] - println(Response: $responseBody): null

13-06-2024T02:23:52 - [TEST_STEP][PASSED] - jsonResponse = JsonSlurper().parseText(responseBody): null

13-06-2024T02:23:52 - [TEST_STEP][PASSED] - verifyResponseStatusCode(response, 200): Verify response status code successfully

13-06-2024T02:23:52 - [MESSAGE][PASSED] - Verify response status code successfully

13-06-2024T02:23:52 - [TEST_STEP][PASSED] - if (jsonResponse.size() > 0): null

13-06-2024T02:23:52 - [TEST_STEP][PASSED] - actualUserId = userId.toString(): null

13-06-2024T02:23:52 - [TEST_STEP][PASSED] - actualId = id.toString(): null

13-06-2024T02:23:52 - [TEST_STEP][PASSED] - actualTitle = title: null

13-06-2024T02:23:52 - [TEST_STEP][PASSED] - actualBody = body: null

13-06-2024T02:23:52 - [TEST_STEP][PASSED] - expectedBody = body.replaceAll("\\n", "
"): null

13-06-2024T02:23:52 - [TEST_STEP][PASSED] - println(Expected: userId: $userId, id: $id, title: $title, body: $expectedBody): null

13-06-2024T02:23:52 - [TEST_STEP][PASSED] - println(Actual: userId: $actualUserId, id: $actualId, title: $actualTitle, body: $actualBody): null

13-06-2024T02:23:52 - [TEST_STEP][PASSED] - assert actualUserId == userId: null

13-06-2024T02:23:52 - [TEST_STEP][PASSED] - assert actualId == id: null

13-06-2024T02:23:52 - [TEST_STEP][PASSED] - assert actualTitle == title: null

13-06-2024T02:23:52 - [TEST_STEP][PASSED] - assert actualBody == expectedBody: null

13-06-2024T02:23:52 - [TEST_STEP][PASSED] - userId = data.getValue("userId", loopFile): null

13-06-2024T02:23:52 - [TEST_STEP][PASSED] - id = data.getValue("id", loopFile): null

13-06-2024T02:23:52 - [TEST_STEP][PASSED] - title = data.getValue("title", loopFile): null

13-06-2024T02:23:52 - [TEST_STEP][PASSED] - body = data.getValue("body", loopFile): null

13-06-2024T02:23:52 - [TEST_STEP][PASSED] - println(Processing row: $loopFile): null

13-06-2024T02:23:52 - [TEST_STEP][PASSED] - println(userId: $userId, id: $id, title: $title, body: $body): null

13-06-2024T02:23:52 - [TEST_STEP][PASSED] - response = sendRequest(findTestObject("Object Repository/REST API/Posts/GET Posts")): Send request successfully

13-06-2024T02:23:52 - [MESSAGE][INFO] - HAR: /Users/nasmahna/Documents/Katalon-GITS/katalon-API/Reports/20240613_022300/REST API/TS-Posts/20240613_022300/requests/main/5.har

13-06-2024T02:23:52 - [MESSAGE][PASSED] - Send request successfully

13-06-2024T02:23:52 - [TEST_STEP][PASSED] - responseBody = response.getResponseBodyContent(): null

13-06-2024T02:23:52 - [TEST_STEP][PASSED] - println(Response: $responseBody): null

13-06-2024T02:23:52 - [TEST_STEP][PASSED] - jsonResponse = JsonSlurper().parseText(responseBody): null

13-06-2024T02:23:52 - [TEST_STEP][PASSED] - verifyResponseStatusCode(response, 200): Verify response status code successfully

13-06-2024T02:23:52 - [MESSAGE][PASSED] - Verify response status code successfully

13-06-2024T02:23:52 - [TEST_STEP][PASSED] - if (jsonResponse.size() > 0): null

13-06-2024T02:23:52 - [TEST_STEP][PASSED] - actualUserId = userId.toString(): null

13-06-2024T02:23:52 - [TEST_STEP][PASSED] - actualId = id.toString(): null

13-06-2024T02:23:52 - [TEST_STEP][PASSED] - actualTitle = title: null

13-06-2024T02:23:52 - [TEST_STEP][PASSED] - actualBody = body: null

13-06-2024T02:23:52 - [TEST_STEP][PASSED] - expectedBody = body.replaceAll("\\n", "
"): null

13-06-2024T02:23:52 - [TEST_STEP][PASSED] - println(Expected: userId: $userId, id: $id, title: $title, body: $expectedBody): null

13-06-2024T02:23:52 - [TEST_STEP][PASSED] - println(Actual: userId: $actualUserId, id: $actualId, title: $actualTitle, body: $actualBody): null

13-06-2024T02:23:52 - [TEST_STEP][PASSED] - assert actualUserId == userId: null

13-06-2024T02:23:52 - [TEST_STEP][PASSED] - assert actualId == id: null

13-06-2024T02:23:52 - [TEST_STEP][PASSED] - assert actualTitle == title: null

13-06-2024T02:23:52 - [TEST_STEP][PASSED] - assert actualBody == expectedBody: null

13-06-2024T02:23:52 - [TEST_STEP][PASSED] - userId = data.getValue("userId", loopFile): null

13-06-2024T02:23:52 - [TEST_STEP][PASSED] - id = data.getValue("id", loopFile): null

13-06-2024T02:23:52 - [TEST_STEP][PASSED] - title = data.getValue("title", loopFile): null

13-06-2024T02:23:52 - [TEST_STEP][PASSED] - body = data.getValue("body", loopFile): null

13-06-2024T02:23:52 - [TEST_STEP][PASSED] - println(Processing row: $loopFile): null

13-06-2024T02:23:52 - [TEST_STEP][PASSED] - println(userId: $userId, id: $id, title: $title, body: $body): null

13-06-2024T02:23:52 - [TEST_STEP][PASSED] - response = sendRequest(findTestObject("Object Repository/REST API/Posts/GET Posts")): Send request successfully

13-06-2024T02:23:53 - [MESSAGE][INFO] - HAR: /Users/nasmahna/Documents/Katalon-GITS/katalon-API/Reports/20240613_022300/REST API/TS-Posts/20240613_022300/requests/main/6.har

13-06-2024T02:23:53 - [MESSAGE][PASSED] - Send request successfully

13-06-2024T02:23:53 - [TEST_STEP][PASSED] - responseBody = response.getResponseBodyContent(): null

13-06-2024T02:23:53 - [TEST_STEP][PASSED] - println(Response: $responseBody): null

13-06-2024T02:23:53 - [TEST_STEP][PASSED] - jsonResponse = JsonSlurper().parseText(responseBody): null

13-06-2024T02:23:53 - [TEST_STEP][PASSED] - verifyResponseStatusCode(response, 200): Verify response status code successfully

13-06-2024T02:23:53 - [MESSAGE][PASSED] - Verify response status code successfully

13-06-2024T02:23:53 - [TEST_STEP][PASSED] - if (jsonResponse.size() > 0): null

13-06-2024T02:23:53 - [TEST_STEP][PASSED] - actualUserId = userId.toString(): null

13-06-2024T02:23:53 - [TEST_STEP][PASSED] - actualId = id.toString(): null

13-06-2024T02:23:53 - [TEST_STEP][PASSED] - actualTitle = title: null

13-06-2024T02:23:53 - [TEST_STEP][PASSED] - actualBody = body: null

13-06-2024T02:23:53 - [TEST_STEP][PASSED] - expectedBody = body.replaceAll("\\n", "
"): null

13-06-2024T02:23:53 - [TEST_STEP][PASSED] - println(Expected: userId: $userId, id: $id, title: $title, body: $expectedBody): null

13-06-2024T02:23:53 - [TEST_STEP][PASSED] - println(Actual: userId: $actualUserId, id: $actualId, title: $actualTitle, body: $actualBody): null

13-06-2024T02:23:53 - [TEST_STEP][PASSED] - assert actualUserId == userId: null

13-06-2024T02:23:53 - [TEST_STEP][PASSED] - assert actualId == id: null

13-06-2024T02:23:53 - [TEST_STEP][PASSED] - assert actualTitle == title: null

13-06-2024T02:23:53 - [TEST_STEP][PASSED] - assert actualBody == expectedBody: null

13-06-2024T02:23:53 - [TEST_STEP][PASSED] - userId = data.getValue("userId", loopFile): null

13-06-2024T02:23:53 - [TEST_STEP][PASSED] - id = data.getValue("id", loopFile): null

13-06-2024T02:23:53 - [TEST_STEP][PASSED] - title = data.getValue("title", loopFile): null

13-06-2024T02:23:53 - [TEST_STEP][PASSED] - body = data.getValue("body", loopFile): null

13-06-2024T02:23:53 - [TEST_STEP][PASSED] - println(Processing row: $loopFile): null

13-06-2024T02:23:53 - [TEST_STEP][PASSED] - println(userId: $userId, id: $id, title: $title, body: $body): null

13-06-2024T02:23:53 - [TEST_STEP][PASSED] - response = sendRequest(findTestObject("Object Repository/REST API/Posts/GET Posts")): Send request successfully

13-06-2024T02:23:53 - [MESSAGE][INFO] - HAR: /Users/nasmahna/Documents/Katalon-GITS/katalon-API/Reports/20240613_022300/REST API/TS-Posts/20240613_022300/requests/main/7.har

13-06-2024T02:23:53 - [MESSAGE][PASSED] - Send request successfully

13-06-2024T02:23:53 - [TEST_STEP][PASSED] - responseBody = response.getResponseBodyContent(): null

13-06-2024T02:23:53 - [TEST_STEP][PASSED] - println(Response: $responseBody): null

13-06-2024T02:23:53 - [TEST_STEP][PASSED] - jsonResponse = JsonSlurper().parseText(responseBody): null

13-06-2024T02:23:53 - [TEST_STEP][PASSED] - verifyResponseStatusCode(response, 200): Verify response status code successfully

13-06-2024T02:23:53 - [MESSAGE][PASSED] - Verify response status code successfully

13-06-2024T02:23:53 - [TEST_STEP][PASSED] - if (jsonResponse.size() > 0): null

13-06-2024T02:23:53 - [TEST_STEP][PASSED] - actualUserId = userId.toString(): null

13-06-2024T02:23:53 - [TEST_STEP][PASSED] - actualId = id.toString(): null

13-06-2024T02:23:53 - [TEST_STEP][PASSED] - actualTitle = title: null

13-06-2024T02:23:53 - [TEST_STEP][PASSED] - actualBody = body: null

13-06-2024T02:23:53 - [TEST_STEP][PASSED] - expectedBody = body.replaceAll("\\n", "
"): null

13-06-2024T02:23:53 - [TEST_STEP][PASSED] - println(Expected: userId: $userId, id: $id, title: $title, body: $expectedBody): null

13-06-2024T02:23:53 - [TEST_STEP][PASSED] - println(Actual: userId: $actualUserId, id: $actualId, title: $actualTitle, body: $actualBody): null

13-06-2024T02:23:53 - [TEST_STEP][PASSED] - assert actualUserId == userId: null

13-06-2024T02:23:53 - [TEST_STEP][PASSED] - assert actualId == id: null

13-06-2024T02:23:53 - [TEST_STEP][PASSED] - assert actualTitle == title: null

13-06-2024T02:23:53 - [TEST_STEP][PASSED] - assert actualBody == expectedBody: null

13-06-2024T02:23:53 - [TEST_STEP][PASSED] - userId = data.getValue("userId", loopFile): null

13-06-2024T02:23:53 - [TEST_STEP][PASSED] - id = data.getValue("id", loopFile): null

13-06-2024T02:23:53 - [TEST_STEP][PASSED] - title = data.getValue("title", loopFile): null

13-06-2024T02:23:53 - [TEST_STEP][PASSED] - body = data.getValue("body", loopFile): null

13-06-2024T02:23:53 - [TEST_STEP][PASSED] - println(Processing row: $loopFile): null

13-06-2024T02:23:53 - [TEST_STEP][PASSED] - println(userId: $userId, id: $id, title: $title, body: $body): null

13-06-2024T02:23:53 - [TEST_STEP][PASSED] - response = sendRequest(findTestObject("Object Repository/REST API/Posts/GET Posts")): Send request successfully

13-06-2024T02:23:53 - [MESSAGE][INFO] - HAR: /Users/nasmahna/Documents/Katalon-GITS/katalon-API/Reports/20240613_022300/REST API/TS-Posts/20240613_022300/requests/main/8.har

13-06-2024T02:23:53 - [MESSAGE][PASSED] - Send request successfully

13-06-2024T02:23:53 - [TEST_STEP][PASSED] - responseBody = response.getResponseBodyContent(): null

13-06-2024T02:23:53 - [TEST_STEP][PASSED] - println(Response: $responseBody): null

13-06-2024T02:23:53 - [TEST_STEP][PASSED] - jsonResponse = JsonSlurper().parseText(responseBody): null

13-06-2024T02:23:53 - [TEST_STEP][PASSED] - verifyResponseStatusCode(response, 200): Verify response status code successfully

13-06-2024T02:23:53 - [MESSAGE][PASSED] - Verify response status code successfully

13-06-2024T02:23:53 - [TEST_STEP][PASSED] - if (jsonResponse.size() > 0): null

13-06-2024T02:23:53 - [TEST_STEP][PASSED] - actualUserId = userId.toString(): null

13-06-2024T02:23:53 - [TEST_STEP][PASSED] - actualId = id.toString(): null

13-06-2024T02:23:53 - [TEST_STEP][PASSED] - actualTitle = title: null

13-06-2024T02:23:53 - [TEST_STEP][PASSED] - actualBody = body: null

13-06-2024T02:23:53 - [TEST_STEP][PASSED] - expectedBody = body.replaceAll("\\n", "
"): null

13-06-2024T02:23:53 - [TEST_STEP][PASSED] - println(Expected: userId: $userId, id: $id, title: $title, body: $expectedBody): null

13-06-2024T02:23:53 - [TEST_STEP][PASSED] - println(Actual: userId: $actualUserId, id: $actualId, title: $actualTitle, body: $actualBody): null

13-06-2024T02:23:53 - [TEST_STEP][PASSED] - assert actualUserId == userId: null

13-06-2024T02:23:53 - [TEST_STEP][PASSED] - assert actualId == id: null

13-06-2024T02:23:53 - [TEST_STEP][PASSED] - assert actualTitle == title: null

13-06-2024T02:23:53 - [TEST_STEP][PASSED] - assert actualBody == expectedBody: null

13-06-2024T02:23:53 - [TEST_STEP][PASSED] - userId = data.getValue("userId", loopFile): null

13-06-2024T02:23:53 - [TEST_STEP][PASSED] - id = data.getValue("id", loopFile): null

13-06-2024T02:23:53 - [TEST_STEP][PASSED] - title = data.getValue("title", loopFile): null

13-06-2024T02:23:53 - [TEST_STEP][PASSED] - body = data.getValue("body", loopFile): null

13-06-2024T02:23:53 - [TEST_STEP][PASSED] - println(Processing row: $loopFile): null

13-06-2024T02:23:53 - [TEST_STEP][PASSED] - println(userId: $userId, id: $id, title: $title, body: $body): null

13-06-2024T02:23:53 - [TEST_STEP][PASSED] - response = sendRequest(findTestObject("Object Repository/REST API/Posts/GET Posts")): Send request successfully

13-06-2024T02:23:53 - [MESSAGE][INFO] - HAR: /Users/nasmahna/Documents/Katalon-GITS/katalon-API/Reports/20240613_022300/REST API/TS-Posts/20240613_022300/requests/main/9.har

13-06-2024T02:23:53 - [MESSAGE][PASSED] - Send request successfully

13-06-2024T02:23:53 - [TEST_STEP][PASSED] - responseBody = response.getResponseBodyContent(): null

13-06-2024T02:23:53 - [TEST_STEP][PASSED] - println(Response: $responseBody): null

13-06-2024T02:23:53 - [TEST_STEP][PASSED] - jsonResponse = JsonSlurper().parseText(responseBody): null

13-06-2024T02:23:53 - [TEST_STEP][PASSED] - verifyResponseStatusCode(response, 200): Verify response status code successfully

13-06-2024T02:23:53 - [MESSAGE][PASSED] - Verify response status code successfully

13-06-2024T02:23:53 - [TEST_STEP][PASSED] - if (jsonResponse.size() > 0): null

13-06-2024T02:23:53 - [TEST_STEP][PASSED] - actualUserId = userId.toString(): null

13-06-2024T02:23:53 - [TEST_STEP][PASSED] - actualId = id.toString(): null

13-06-2024T02:23:53 - [TEST_STEP][PASSED] - actualTitle = title: null

13-06-2024T02:23:53 - [TEST_STEP][PASSED] - actualBody = body: null

13-06-2024T02:23:53 - [TEST_STEP][PASSED] - expectedBody = body.replaceAll("\\n", "
"): null

13-06-2024T02:23:53 - [TEST_STEP][PASSED] - println(Expected: userId: $userId, id: $id, title: $title, body: $expectedBody): null

13-06-2024T02:23:53 - [TEST_STEP][PASSED] - println(Actual: userId: $actualUserId, id: $actualId, title: $actualTitle, body: $actualBody): null

13-06-2024T02:23:54 - [TEST_STEP][PASSED] - assert actualUserId == userId: null

13-06-2024T02:23:54 - [TEST_STEP][PASSED] - assert actualId == id: null

13-06-2024T02:23:54 - [TEST_STEP][PASSED] - assert actualTitle == title: null

13-06-2024T02:23:54 - [TEST_STEP][PASSED] - assert actualBody == expectedBody: null

13-06-2024T02:23:54 - [TEST_STEP][PASSED] - userId = data.getValue("userId", loopFile): null

13-06-2024T02:23:54 - [TEST_STEP][PASSED] - id = data.getValue("id", loopFile): null

13-06-2024T02:23:54 - [TEST_STEP][PASSED] - title = data.getValue("title", loopFile): null

13-06-2024T02:23:54 - [TEST_STEP][PASSED] - body = data.getValue("body", loopFile): null

13-06-2024T02:23:54 - [TEST_STEP][PASSED] - println(Processing row: $loopFile): null

13-06-2024T02:23:54 - [TEST_STEP][PASSED] - println(userId: $userId, id: $id, title: $title, body: $body): null

13-06-2024T02:23:54 - [TEST_STEP][PASSED] - response = sendRequest(findTestObject("Object Repository/REST API/Posts/GET Posts")): Send request successfully

13-06-2024T02:23:54 - [MESSAGE][INFO] - HAR: /Users/nasmahna/Documents/Katalon-GITS/katalon-API/Reports/20240613_022300/REST API/TS-Posts/20240613_022300/requests/main/10.har

13-06-2024T02:23:54 - [MESSAGE][PASSED] - Send request successfully

13-06-2024T02:23:54 - [TEST_STEP][PASSED] - responseBody = response.getResponseBodyContent(): null

13-06-2024T02:23:54 - [TEST_STEP][PASSED] - println(Response: $responseBody): null

13-06-2024T02:23:54 - [TEST_STEP][PASSED] - jsonResponse = JsonSlurper().parseText(responseBody): null

13-06-2024T02:23:54 - [TEST_STEP][PASSED] - verifyResponseStatusCode(response, 200): Verify response status code successfully

13-06-2024T02:23:54 - [MESSAGE][PASSED] - Verify response status code successfully

13-06-2024T02:23:54 - [TEST_STEP][PASSED] - if (jsonResponse.size() > 0): null

13-06-2024T02:23:54 - [TEST_STEP][PASSED] - actualUserId = userId.toString(): null

13-06-2024T02:23:54 - [TEST_STEP][PASSED] - actualId = id.toString(): null

13-06-2024T02:23:54 - [TEST_STEP][PASSED] - actualTitle = title: null

13-06-2024T02:23:54 - [TEST_STEP][PASSED] - actualBody = body: null

13-06-2024T02:23:54 - [TEST_STEP][PASSED] - expectedBody = body.replaceAll("\\n", "
"): null

13-06-2024T02:23:54 - [TEST_STEP][PASSED] - println(Expected: userId: $userId, id: $id, title: $title, body: $expectedBody): null

13-06-2024T02:23:54 - [TEST_STEP][PASSED] - println(Actual: userId: $actualUserId, id: $actualId, title: $actualTitle, body: $actualBody): null

13-06-2024T02:23:54 - [TEST_STEP][PASSED] - assert actualUserId == userId: null

13-06-2024T02:23:54 - [TEST_STEP][PASSED] - assert actualId == id: null

13-06-2024T02:23:54 - [TEST_STEP][PASSED] - assert actualTitle == title: null

13-06-2024T02:23:54 - [TEST_STEP][PASSED] - assert actualBody == expectedBody: null]]></system-out>
         <system-err><![CDATA[]]></system-err>
      </testcase>
      <testcase name="Test Cases/REST API/Posts/TC POST Posts" time="2.027" classname="Test Cases/REST API/Posts/TC POST Posts" status="PASSED">
         <system-out><![CDATA[13-06-2024T02:23:54 - [TEST_CASE][PASSED] - Test Cases/REST API/Posts/TC POST Posts: Test Cases/REST API/Posts/TC POST Posts

13-06-2024T02:23:55 - [TEST_STEP][PASSED] - response = sendRequest(findTestObject("Object Repository/REST API/Posts/POST Posts")): Send request successfully

13-06-2024T02:23:56 - [MESSAGE][INFO] - HAR: /Users/nasmahna/Documents/Katalon-GITS/katalon-API/Reports/20240613_022300/REST API/TS-Posts/20240613_022300/requests/main/11.har

13-06-2024T02:23:56 - [MESSAGE][PASSED] - Send request successfully

13-06-2024T02:23:56 - [TEST_STEP][PASSED] - verifyResponseStatusCode(response, 201): Verify response status code successfully

13-06-2024T02:23:56 - [MESSAGE][PASSED] - Verify response status code successfully

13-06-2024T02:23:56 - [TEST_STEP][PASSED] - logInfo("Response Body: " + response.getResponseText()): Response Body: {
  "id": 101
}

13-06-2024T02:23:56 - [MESSAGE][INFO] - Response Body: {
  "id": 101
}

13-06-2024T02:23:56 - [TEST_STEP][PASSED] - jsonResponse = JsonSlurper().parseText(response.getResponseText()): null

13-06-2024T02:23:56 - [TEST_STEP][PASSED] - id = id: null

13-06-2024T02:23:56 - [TEST_STEP][PASSED] - logInfo("Created Post ID: " + id): Created Post ID: 101

13-06-2024T02:23:56 - [MESSAGE][INFO] - Created Post ID: 101]]></system-out>
         <system-err><![CDATA[]]></system-err>
      </testcase>
      <testcase name="Test Cases/REST API/Posts/TC DELETE Posts" time="2.424" classname="Test Cases/REST API/Posts/TC DELETE Posts" status="PASSED">
         <system-out><![CDATA[13-06-2024T02:23:56 - [TEST_CASE][PASSED] - Test Cases/REST API/Posts/TC DELETE Posts: Test Cases/REST API/Posts/TC DELETE Posts

13-06-2024T02:23:57 - [TEST_STEP][PASSED] - getPostsResponse = sendRequest(findTestObject("REST API/Posts/GET Posts")): Send request successfully

13-06-2024T02:23:57 - [MESSAGE][INFO] - HAR: /Users/nasmahna/Documents/Katalon-GITS/katalon-API/Reports/20240613_022300/REST API/TS-Posts/20240613_022300/requests/main/12.har

13-06-2024T02:23:57 - [MESSAGE][PASSED] - Send request successfully

13-06-2024T02:23:57 - [TEST_STEP][PASSED] - verifyResponseStatusCode(getPostsResponse, 200): Verify response status code successfully

13-06-2024T02:23:57 - [MESSAGE][PASSED] - Verify response status code successfully

13-06-2024T02:23:57 - [TEST_STEP][PASSED] - jsonResponse = JsonSlurper().parseText(getPostsResponse.getResponseText()): null

13-06-2024T02:23:58 - [TEST_STEP][PASSED] - postId = id: null

13-06-2024T02:23:58 - [TEST_STEP][PASSED] - logInfo("Fetched Post ID: " + postId): Fetched Post ID: 1

13-06-2024T02:23:58 - [MESSAGE][INFO] - Fetched Post ID: 1

13-06-2024T02:23:58 - [TEST_STEP][PASSED] - deletePostRequest = findTestObject("Object Repository/REST API/Posts/DELETE Posts"): null

13-06-2024T02:23:58 - [TEST_STEP][PASSED] - deletePostRequest.setRestUrl(https://jsonplaceholder.typicode.com/posts/$postId): null

13-06-2024T02:23:58 - [TEST_STEP][PASSED] - deleteResponse = sendRequest(deletePostRequest): Send request successfully

13-06-2024T02:23:58 - [MESSAGE][INFO] - HAR: /Users/nasmahna/Documents/Katalon-GITS/katalon-API/Reports/20240613_022300/REST API/TS-Posts/20240613_022300/requests/main/13.har

13-06-2024T02:23:58 - [MESSAGE][PASSED] - Send request successfully

13-06-2024T02:23:58 - [TEST_STEP][PASSED] - verifyResponseStatusCode(deleteResponse, 200): Verify response status code successfully

13-06-2024T02:23:58 - [MESSAGE][PASSED] - Verify response status code successfully

13-06-2024T02:23:59 - [TEST_STEP][PASSED] - logInfo("Response Body: " + deleteResponse.getResponseText()): Response Body: {}

13-06-2024T02:23:59 - [MESSAGE][INFO] - Response Body: {}]]></system-out>
         <system-err><![CDATA[]]></system-err>
      </testcase>
      <system-out><![CDATA[13-06-2024T02:23:28 - [TEST_SUITE][PASSED] - TS-Posts: Test Cases/REST API/Posts/TC DELETE Posts]]></system-out>
      <system-err><![CDATA[]]></system-err>
   </testsuite>
</testsuites>
